<?xml version="1.0" encoding="UTF-8"?>
<robot generator="Robot 7.1 (Python 3.12.6 on win32)" generated="2024-09-22T21:57:57.260278" rpa="false" schemaversion="5">
<suite id="s1" name="Scroll to Footer" source="c:\Users\HP\Desktop\YassirTest\endToend\testCases\Scroll_to_Footer.robot">
<test id="s1-t1" name="Scroll to Footer" line="8">
<kw name="Open Browser" owner="SeleniumLibrary">
<msg time="2024-09-22T21:57:57.804489" level="INFO">Opening browser 'chrome' to base url 'https://demo.nopcommerce.com/login'.</msg>
<arg>${URL}</arg>
<arg>${BROWSER}</arg>
<doc>Opens a new browser instance to the optional ``url``.</doc>
<status status="PASS" start="2024-09-22T21:57:57.804489" elapsed="10.505488"/>
</kw>
<kw name="Maximize Browser Window" owner="SeleniumLibrary">
<doc>Maximizes current browser window.</doc>
<status status="PASS" start="2024-09-22T21:58:08.311969" elapsed="0.075475"/>
</kw>
<kw name="Scroll Element Into View" owner="SeleniumLibrary">
<arg>xpath=/html/body/div[6]/div[4]</arg>
<doc>Scrolls the element identified by ``locator`` into view.</doc>
<status status="PASS" start="2024-09-22T21:58:08.388948" elapsed="0.362683"/>
</kw>
<kw name="Sleep" owner="BuiltIn">
<msg time="2024-09-22T21:58:10.756216" level="INFO">Slept 2 seconds.</msg>
<arg>2</arg>
<doc>Pauses the test executed for the given time.</doc>
<status status="PASS" start="2024-09-22T21:58:08.754627" elapsed="2.002583"/>
</kw>
<kw name="Element Should Be Visible" owner="SeleniumLibrary">
<msg time="2024-09-22T21:58:10.913770" level="INFO">Element 'xpath=/html/body/div[6]/div[4]/div[2]/div[1]' is displayed.</msg>
<arg>xpath=/html/body/div[6]/div[4]/div[2]/div[1]</arg>
<doc>Verifies that the element identified by ``locator`` is visible.</doc>
<status status="PASS" start="2024-09-22T21:58:10.759205" elapsed="0.155582"/>
</kw>
<kw name="Close Browser" owner="SeleniumLibrary" type="TEARDOWN">
<doc>Closes the current browser.</doc>
<status status="PASS" start="2024-09-22T21:58:10.916762" elapsed="2.529002"/>
</kw>
<status status="PASS" start="2024-09-22T21:57:57.802492" elapsed="15.644252"/>
</test>
<status status="PASS" start="2024-09-22T21:57:57.270125" elapsed="16.178617"/>
</suite>
<statistics>
<total>
<stat pass="1" fail="0" skip="0">All Tests</stat>
</total>
<tag>
</tag>
<suite>
<stat pass="1" fail="0" skip="0" id="s1" name="Scroll to Footer">Scroll to Footer</stat>
</suite>
</statistics>
<errors>
</errors>
</robot>
